Smart.Library-library/app/build/intermediates/manifest_merge_blame_file/debug/manifest-merger-blame-debug-report.txt
1<?xml version="1.0" encoding="utf-8"?>
2<manifest xmlns:android="http://schemas.android.com/apk/res/android"
3    package="es.upv.a3c.smartlibrary"
4    android:versionCode="1"
5    android:versionName="1.0" >
6
7    <uses-sdk
8        android:minSdkVersion="23"
8-->src\main\AndroidManifest.xml
9        android:targetSdkVersion="33" />
9-->src\main\AndroidManifest.xml
10
11    <uses-permission android:name="android.permission.ACCESS_FINE_LOCATION" />
11-->src\main\AndroidManifest.xml:5:5-78
11-->src\main\AndroidManifest.xml:5:22-76
12    <uses-permission android:name="android.permission.ACCESS_COARSE_LOCATION" />
12-->src\main\AndroidManifest.xml:6:5-80
12-->src\main\AndroidManifest.xml:6:22-78
13    <uses-permission android:name="android.permission.INTERNET" />
13-->src\main\AndroidManifest.xml:7:5-66
13-->src\main\AndroidManifest.xml:7:22-64
14    <uses-permission android:name="android.permission.RECORD_AUDIO" />
14-->src\main\AndroidManifest.xml:8:5-70
14-->src\main\AndroidManifest.xml:8:22-68
15    <uses-permission android:name="android.permission.RECEIVE_BOOT_COMPLETED" />
15-->src\main\AndroidManifest.xml:9:5-81
15-->src\main\AndroidManifest.xml:9:22-78
16    <uses-permission android:name="android.permission.WRITE_EXTERNAL_STORAGE" />
16-->src\main\AndroidManifest.xml:10:5-11:40
16-->src\main\AndroidManifest.xml:10:22-78
17    <uses-permission android:name="android.permission.READ_EXTERNAL_STORAGE" />
17-->src\main\AndroidManifest.xml:12:5-79
17-->src\main\AndroidManifest.xml:12:22-77
18    <uses-permission android:name="android.permission.ACCESS_NETWORK_STATE" />
18-->src\main\AndroidManifest.xml:13:5-78
18-->src\main\AndroidManifest.xml:13:22-76
19
20    <queries>
20-->[com.android.car.ui:car-ui-lib:2.1.0] AndroidManifest.xml:26:5-31:15
21        <provider
21-->[com.android.car.ui:car-ui-lib:2.1.0] AndroidManifest.xml:27:9-30:67
22            android:name="com.android.car.ui.plugin.PluginNameProvider"
22-->[com.android.car.ui:car-ui-lib:2.1.0] AndroidManifest.xml:28:13-72
23            android:authorities="com.android.car.ui.plugin" />
23-->[com.android.car.ui:car-ui-lib:2.1.0] AndroidManifest.xml:29:13-60
24        <!-- Needs to be explicitly declared on Android R+ -->
25        <package android:name="com.google.android.apps.maps" />
25-->[com.google.android.gms:play-services-maps:18.1.0] AndroidManifest.xml:33:9-64
25-->[com.google.android.gms:play-services-maps:18.1.0] AndroidManifest.xml:33:18-61
26    </queries>
27
28    <uses-feature
28-->[com.google.android.gms:play-services-maps:18.1.0] AndroidManifest.xml:26:5-28:35
29        android:glEsVersion="0x00020000"
29-->[com.google.android.gms:play-services-maps:18.1.0] AndroidManifest.xml:27:9-41
30        android:required="true" />
30-->[com.google.android.gms:play-services-maps:18.1.0] AndroidManifest.xml:28:9-32
31
32    <uses-permission android:name="android.permission.CAMERA" /> <!-- Don't require camera, as this requires a rear camera. This allows it to work on the Nexus 7 -->
32-->[com.journeyapps:zxing-android-embedded:4.3.0] AndroidManifest.xml:22:5-65
32-->[com.journeyapps:zxing-android-embedded:4.3.0] AndroidManifest.xml:22:22-62
33    <uses-feature
33-->[com.journeyapps:zxing-android-embedded:4.3.0] AndroidManifest.xml:25:5-27:36
34        android:name="android.hardware.camera"
34-->[com.journeyapps:zxing-android-embedded:4.3.0] AndroidManifest.xml:26:9-47
35        android:required="false" />
35-->[com.journeyapps:zxing-android-embedded:4.3.0] AndroidManifest.xml:27:9-33
36    <uses-feature
36-->[com.journeyapps:zxing-android-embedded:4.3.0] AndroidManifest.xml:28:5-30:36
37        android:name="android.hardware.camera.front"
37-->[com.journeyapps:zxing-android-embedded:4.3.0] AndroidManifest.xml:29:9-53
38        android:required="false" /> <!-- TODO replace above two with next line after Android 4.2 -->
38-->[com.journeyapps:zxing-android-embedded:4.3.0] AndroidManifest.xml:30:9-33
39    <!-- <uses-feature android:name="android.hardware.camera.any"/> -->
40    <uses-feature
40-->[com.journeyapps:zxing-android-embedded:4.3.0] AndroidManifest.xml:33:5-35:36
41        android:name="android.hardware.camera.autofocus"
41-->[com.journeyapps:zxing-android-embedded:4.3.0] AndroidManifest.xml:34:9-57
42        android:required="false" />
42-->[com.journeyapps:zxing-android-embedded:4.3.0] AndroidManifest.xml:35:9-33
43    <uses-feature
43-->[com.journeyapps:zxing-android-embedded:4.3.0] AndroidManifest.xml:36:5-38:36
44        android:name="android.hardware.camera.flash"
44-->[com.journeyapps:zxing-android-embedded:4.3.0] AndroidManifest.xml:37:9-53
45        android:required="false" />
45-->[com.journeyapps:zxing-android-embedded:4.3.0] AndroidManifest.xml:38:9-33
46    <uses-feature
46-->[com.journeyapps:zxing-android-embedded:4.3.0] AndroidManifest.xml:39:5-41:36
47        android:name="android.hardware.screen.landscape"
47-->[com.journeyapps:zxing-android-embedded:4.3.0] AndroidManifest.xml:40:9-57
48        android:required="false" />
48-->[com.journeyapps:zxing-android-embedded:4.3.0] AndroidManifest.xml:41:9-33
49    <uses-feature
49-->[com.journeyapps:zxing-android-embedded:4.3.0] AndroidManifest.xml:42:5-44:36
50        android:name="android.hardware.wifi"
50-->[com.journeyapps:zxing-android-embedded:4.3.0] AndroidManifest.xml:43:9-45
51        android:required="false" />
51-->[com.journeyapps:zxing-android-embedded:4.3.0] AndroidManifest.xml:44:9-33
52
53    <application
53-->src\main\AndroidManifest.xml:15:5-104:19
54        android:allowBackup="true"
54-->src\main\AndroidManifest.xml:16:9-35
55        android:appComponentFactory="androidx.core.app.CoreComponentFactory"
55-->[androidx.core:core:1.8.0] AndroidManifest.xml:24:18-86
56        android:dataExtractionRules="@xml/data_extraction_rules"
56-->src\main\AndroidManifest.xml:17:9-65
57        android:debuggable="true"
58        android:extractNativeLibs="false"
59        android:fullBackupContent="@xml/backup_rules"
59-->src\main\AndroidManifest.xml:18:9-54
60        android:hardwareAccelerated="true"
60-->src\main\AndroidManifest.xml:25:9-43
61        android:icon="@drawable/iconoapp"
61-->src\main\AndroidManifest.xml:19:9-42
62        android:label="@string/app_name"
62-->src\main\AndroidManifest.xml:20:9-41
63        android:roundIcon="@drawable/iconoapp"
63-->src\main\AndroidManifest.xml:21:9-47
64        android:supportsRtl="true"
64-->src\main\AndroidManifest.xml:22:9-35
65        android:testOnly="true"
66        android:theme="@style/Theme.SmartLibrary" >
66-->src\main\AndroidManifest.xml:23:9-50
67        <service
67-->src\main\AndroidManifest.xml:27:9-30:45
68            android:name="com.google.android.gms.safetynet.SafetyNetClient"
68-->src\main\AndroidManifest.xml:28:13-76
69            android:exported="false" />
69-->src\main\AndroidManifest.xml:29:13-37
70
71        <activity
71-->src\main\AndroidManifest.xml:31:9-39:20
72            android:name="es.upv.a3c.smartlibrary.LoginActivity"
72-->src\main\AndroidManifest.xml:31:19-48
73            android:exported="true"
73-->src\main\AndroidManifest.xml:32:13-36
74            android:screenOrientation="portrait" >
74-->src\main\AndroidManifest.xml:33:13-49
75            <intent-filter>
75-->src\main\AndroidManifest.xml:34:13-38:29
76                <action android:name="android.intent.action.MAIN" />
76-->src\main\AndroidManifest.xml:35:17-69
76-->src\main\AndroidManifest.xml:35:25-66
77
78                <category android:name="android.intent.category.LAUNCHER" />
78-->src\main\AndroidManifest.xml:36:17-37:23
78-->src\main\AndroidManifest.xml:36:27-74
79            </intent-filter>
80        </activity>
81        <activity
81-->src\main\AndroidManifest.xml:41:9-50:20
82            android:name="es.upv.a3c.smartlibrary.MainActivity"
82-->src\main\AndroidManifest.xml:42:13-41
83            android:exported="true"
83-->src\main\AndroidManifest.xml:43:13-36
84            android:screenOrientation="portrait" >
84-->src\main\AndroidManifest.xml:44:13-49
85            <intent-filter>
85-->src\main\AndroidManifest.xml:34:13-38:29
86                <action android:name="android.intent.action.MAIN" />
86-->src\main\AndroidManifest.xml:35:17-69
86-->src\main\AndroidManifest.xml:35:25-66
87
88                <category android:name="android.intent.category.LAUNCHER" />
88-->src\main\AndroidManifest.xml:36:17-37:23
88-->src\main\AndroidManifest.xml:36:27-74
89            </intent-filter>
90        </activity>
91        <activity
91-->src\main\AndroidManifest.xml:51:9-53:51
92            android:name="es.upv.a3c.smartlibrary.UsuarioActivity"
92-->src\main\AndroidManifest.xml:51:19-50
93            android:label="Información sobre el usuario"
93-->src\main\AndroidManifest.xml:52:13-57
94            android:screenOrientation="portrait" />
94-->src\main\AndroidManifest.xml:53:13-49
95        <activity
95-->src\main\AndroidManifest.xml:55:9-59:20
96            android:name="es.upv.a3c.smartlibrary.ReservasActivity"
96-->src\main\AndroidManifest.xml:56:13-45
97            android:exported="true"
97-->src\main\AndroidManifest.xml:57:13-36
98            android:screenOrientation="portrait" >
98-->src\main\AndroidManifest.xml:58:13-49
99        </activity>
100        <activity
100-->src\main\AndroidManifest.xml:61:9-65:20
101            android:name="es.upv.a3c.smartlibrary.EstadisticasActivity"
101-->src\main\AndroidManifest.xml:62:13-49
102            android:exported="true"
102-->src\main\AndroidManifest.xml:63:13-36
103            android:screenOrientation="portrait" >
103-->src\main\AndroidManifest.xml:64:13-49
104        </activity>
105        <activity
105-->src\main\AndroidManifest.xml:67:9-72:20
106            android:name="es.upv.a3c.smartlibrary.EliminarUsuarioActivity"
106-->src\main\AndroidManifest.xml:68:13-52
107            android:exported="true"
107-->src\main\AndroidManifest.xml:69:13-36
108            android:screenOrientation="portrait"
108-->src\main\AndroidManifest.xml:71:13-49
109            android:theme="@style/Theme.AppCompat.Light.Dialog.MinWidth" >
109-->src\main\AndroidManifest.xml:70:13-73
110        </activity>
111        <activity android:name="es.upv.a3c.smartlibrary.AcercadeActivity" />
111-->src\main\AndroidManifest.xml:74:9-63
111-->src\main\AndroidManifest.xml:74:19-51
112        <activity
112-->src\main\AndroidManifest.xml:76:9-79:20
113            android:name="es.upv.a3c.smartlibrary.RegisterActivity"
113-->src\main\AndroidManifest.xml:76:19-51
114            android:screenOrientation="portrait" >
114-->src\main\AndroidManifest.xml:77:13-49
115        </activity>
116        <activity
116-->src\main\AndroidManifest.xml:80:9-83:20
117            android:name="es.upv.a3c.smartlibrary.PerfilUsuario"
117-->src\main\AndroidManifest.xml:80:19-48
118            android:screenOrientation="portrait" >
118-->src\main\AndroidManifest.xml:81:13-49
119        </activity>
120        <activity
120-->src\main\AndroidManifest.xml:84:9-87:20
121            android:name="es.upv.a3c.smartlibrary.ReestablecerContraseña"
121-->src\main\AndroidManifest.xml:84:19-57
122            android:screenOrientation="portrait" >
122-->src\main\AndroidManifest.xml:85:13-49
123        </activity>
124
125        <meta-data
125-->src\main\AndroidManifest.xml:89:9-90:55
126            android:name="com.google.android.geo.API_KEY"
126-->src\main\AndroidManifest.xml:89:20-65
127            android:value="@string/google_maps_key" />
127-->src\main\AndroidManifest.xml:90:13-52
128
129        <activity android:name="es.upv.a3c.smartlibrary.mapamaps" >
129-->src\main\AndroidManifest.xml:91:9-93:20
129-->src\main\AndroidManifest.xml:91:19-43
130        </activity>
131        <activity
131-->src\main\AndroidManifest.xml:95:9-98:20
132            android:name="es.upv.a3c.smartlibrary.Foros"
132-->src\main\AndroidManifest.xml:95:19-40
133            android:screenOrientation="portrait" >
133-->src\main\AndroidManifest.xml:96:13-49
134        </activity>
135
136        <meta-data
136-->src\main\AndroidManifest.xml:99:9-102:21
137            android:name="com.google.android.safetynet.API_KEY"
137-->src\main\AndroidManifest.xml:99:20-71
138            android:value="@string/google_browse" >
138-->src\main\AndroidManifest.xml:100:13-50
139        </meta-data>
140
141        <provider
141-->[com.android.car.ui:car-ui-lib:2.1.0] AndroidManifest.xml:34:9-39:71
142            android:name="com.android.car.ui.core.CarUiInstaller"
142-->[com.android.car.ui:car-ui-lib:2.1.0] AndroidManifest.xml:35:13-66
143            android:authorities="es.upv.a3c.smartlibrary.CarUiInstaller"
143-->[com.android.car.ui:car-ui-lib:2.1.0] AndroidManifest.xml:36:13-66
144            android:directBootAware="true"
144-->[com.android.car.ui:car-ui-lib:2.1.0] AndroidManifest.xml:37:13-43
145            android:exported="false"
145-->[com.android.car.ui:car-ui-lib:2.1.0] AndroidManifest.xml:38:13-37
146            android:process="@string/car_ui_installer_process_name" />
146-->[com.android.car.ui:car-ui-lib:2.1.0] AndroidManifest.xml:39:13-68
147        <provider
147-->[com.android.car.ui:car-ui-lib:2.1.0] AndroidManifest.xml:40:9-45:79
148            android:name="com.android.car.ui.core.SearchResultsProvider"
148-->[com.android.car.ui:car-ui-lib:2.1.0] AndroidManifest.xml:41:13-73
149            android:authorities="es.upv.a3c.smartlibrary.SearchResultsProvider"
149-->[com.android.car.ui:car-ui-lib:2.1.0] AndroidManifest.xml:42:13-73
150            android:exported="true"
150-->[com.android.car.ui:car-ui-lib:2.1.0] AndroidManifest.xml:43:13-36
151            android:process="@string/car_ui_installer_process_name"
151-->[com.android.car.ui:car-ui-lib:2.1.0] AndroidManifest.xml:44:13-68
152            android:readPermission="com.android.car.ui.READ_SEARCH_RESULTS" />
152-->[com.android.car.ui:car-ui-lib:2.1.0] AndroidManifest.xml:45:13-76
153
154        <meta-data
154-->[com.firebaseui:firebase-ui-auth:7.1.1] AndroidManifest.xml:16:9-18:69
155            android:name="com.google.android.gms.version"
155-->[com.firebaseui:firebase-ui-auth:7.1.1] AndroidManifest.xml:17:13-58
156            android:value="@integer/google_play_services_version" />
156-->[com.firebaseui:firebase-ui-auth:7.1.1] AndroidManifest.xml:18:13-66
157        <meta-data
157-->[com.firebaseui:firebase-ui-auth:7.1.1] AndroidManifest.xml:19:9-21:63
158            android:name="com.facebook.sdk.ApplicationId"
158-->[com.firebaseui:firebase-ui-auth:7.1.1] AndroidManifest.xml:20:13-58
159            android:value="@string/facebook_application_id" />
159-->[com.firebaseui:firebase-ui-auth:7.1.1] AndroidManifest.xml:21:13-60
160
161        <activity
161-->[com.firebaseui:firebase-ui-auth:7.1.1] AndroidManifest.xml:23:9-27:61
162            android:name="com.firebase.ui.auth.KickoffActivity"
162-->[com.firebaseui:firebase-ui-auth:7.1.1] AndroidManifest.xml:24:13-64
163            android:exported="false"
163-->[com.firebaseui:firebase-ui-auth:7.1.1] AndroidManifest.xml:25:13-37
164            android:label=""
164-->[com.firebaseui:firebase-ui-auth:7.1.1] AndroidManifest.xml:26:13-29
165            android:theme="@style/FirebaseUI.Transparent" />
165-->[com.firebaseui:firebase-ui-auth:7.1.1] AndroidManifest.xml:27:13-58
166        <activity
166-->[com.firebaseui:firebase-ui-auth:7.1.1] AndroidManifest.xml:28:9-32:61
167            android:name="com.firebase.ui.auth.ui.idp.SingleSignInActivity"
167-->[com.firebaseui:firebase-ui-auth:7.1.1] AndroidManifest.xml:29:13-76
168            android:exported="false"
168-->[com.firebaseui:firebase-ui-auth:7.1.1] AndroidManifest.xml:30:13-37
169            android:label=""
169-->[com.firebaseui:firebase-ui-auth:7.1.1] AndroidManifest.xml:31:13-29
170            android:theme="@style/FirebaseUI.Transparent" />
170-->[com.firebaseui:firebase-ui-auth:7.1.1] AndroidManifest.xml:32:13-58
171        <activity
171-->[com.firebaseui:firebase-ui-auth:7.1.1] AndroidManifest.xml:33:9-37:61
172            android:name="com.firebase.ui.auth.ui.credentials.CredentialSaveActivity"
172-->[com.firebaseui:firebase-ui-auth:7.1.1] AndroidManifest.xml:34:13-86
173            android:exported="false"
173-->[com.firebaseui:firebase-ui-auth:7.1.1] AndroidManifest.xml:35:13-37
174            android:label=""
174-->[com.firebaseui:firebase-ui-auth:7.1.1] AndroidManifest.xml:36:13-29
175            android:theme="@style/FirebaseUI.Transparent" />
175-->[com.firebaseui:firebase-ui-auth:7.1.1] AndroidManifest.xml:37:13-58
176        <activity
176-->[com.firebaseui:firebase-ui-auth:7.1.1] AndroidManifest.xml:38:9-42:58
177            android:name="com.firebase.ui.auth.ui.email.RecoverPasswordActivity"
177-->[com.firebaseui:firebase-ui-auth:7.1.1] AndroidManifest.xml:39:13-81
178            android:exported="false"
178-->[com.firebaseui:firebase-ui-auth:7.1.1] AndroidManifest.xml:40:13-37
179            android:label="@string/fui_title_recover_password_activity"
179-->[com.firebaseui:firebase-ui-auth:7.1.1] AndroidManifest.xml:41:13-72
180            android:windowSoftInputMode="adjustResize" />
180-->[com.firebaseui:firebase-ui-auth:7.1.1] AndroidManifest.xml:42:13-55
181        <activity
181-->[com.firebaseui:firebase-ui-auth:7.1.1] AndroidManifest.xml:43:9-47:58
182            android:name="com.firebase.ui.auth.ui.email.EmailActivity"
182-->[com.firebaseui:firebase-ui-auth:7.1.1] AndroidManifest.xml:44:13-71
183            android:exported="false"
183-->[com.firebaseui:firebase-ui-auth:7.1.1] AndroidManifest.xml:45:13-37
184            android:label="@string/fui_sign_in_default"
184-->[com.firebaseui:firebase-ui-auth:7.1.1] AndroidManifest.xml:46:13-56
185            android:windowSoftInputMode="adjustResize" />
185-->[com.firebaseui:firebase-ui-auth:7.1.1] AndroidManifest.xml:47:13-55
186        <activity
186-->[com.firebaseui:firebase-ui-auth:7.1.1] AndroidManifest.xml:48:9-52:77
187            android:name="com.firebase.ui.auth.ui.phone.PhoneActivity"
187-->[com.firebaseui:firebase-ui-auth:7.1.1] AndroidManifest.xml:49:13-71
188            android:exported="false"
188-->[com.firebaseui:firebase-ui-auth:7.1.1] AndroidManifest.xml:50:13-37
189            android:label="@string/fui_sign_in_with_phone_number"
189-->[com.firebaseui:firebase-ui-auth:7.1.1] AndroidManifest.xml:51:13-66
190            android:windowSoftInputMode="adjustResize|stateAlwaysVisible" />
190-->[com.firebaseui:firebase-ui-auth:7.1.1] AndroidManifest.xml:52:13-74
191        <activity
191-->[com.firebaseui:firebase-ui-auth:7.1.1] AndroidManifest.xml:53:9-57:58
192            android:name="com.firebase.ui.auth.ui.idp.WelcomeBackIdpPrompt"
192-->[com.firebaseui:firebase-ui-auth:7.1.1] AndroidManifest.xml:54:13-76
193            android:exported="false"
193-->[com.firebaseui:firebase-ui-auth:7.1.1] AndroidManifest.xml:55:13-37
194            android:label="@string/fui_title_welcome_back_idp_prompt"
194-->[com.firebaseui:firebase-ui-auth:7.1.1] AndroidManifest.xml:56:13-70
195            android:windowSoftInputMode="adjustResize" />
195-->[com.firebaseui:firebase-ui-auth:7.1.1] AndroidManifest.xml:57:13-55
196        <activity
196-->[com.firebaseui:firebase-ui-auth:7.1.1] AndroidManifest.xml:58:9-62:58
197            android:name="com.firebase.ui.auth.ui.email.WelcomeBackPasswordPrompt"
197-->[com.firebaseui:firebase-ui-auth:7.1.1] AndroidManifest.xml:59:13-83
198            android:exported="false"
198-->[com.firebaseui:firebase-ui-auth:7.1.1] AndroidManifest.xml:60:13-37
199            android:label="@string/fui_title_welcome_back_password_prompt"
199-->[com.firebaseui:firebase-ui-auth:7.1.1] AndroidManifest.xml:61:13-75
200            android:windowSoftInputMode="adjustResize" />
200-->[com.firebaseui:firebase-ui-auth:7.1.1] AndroidManifest.xml:62:13-55
201        <activity
201-->[com.firebaseui:firebase-ui-auth:7.1.1] AndroidManifest.xml:63:9-67:58
202            android:name="com.firebase.ui.auth.ui.email.WelcomeBackEmailLinkPrompt"
202-->[com.firebaseui:firebase-ui-auth:7.1.1] AndroidManifest.xml:64:13-84
203            android:exported="false"
203-->[com.firebaseui:firebase-ui-auth:7.1.1] AndroidManifest.xml:65:13-37
204            android:label="@string/fui_title_welcome_back_password_prompt"
204-->[com.firebaseui:firebase-ui-auth:7.1.1] AndroidManifest.xml:66:13-75
205            android:windowSoftInputMode="adjustResize" />
205-->[com.firebaseui:firebase-ui-auth:7.1.1] AndroidManifest.xml:67:13-55
206        <activity
206-->[com.firebaseui:firebase-ui-auth:7.1.1] AndroidManifest.xml:68:9-73:58
207            android:name="com.firebase.ui.auth.ui.email.EmailLinkCatcherActivity"
207-->[com.firebaseui:firebase-ui-auth:7.1.1] AndroidManifest.xml:69:13-82
208            android:exported="false"
208-->[com.firebaseui:firebase-ui-auth:7.1.1] AndroidManifest.xml:70:13-37
209            android:label=""
209-->[com.firebaseui:firebase-ui-auth:7.1.1] AndroidManifest.xml:71:13-29
210            android:theme="@style/FirebaseUI.Transparent"
210-->[com.firebaseui:firebase-ui-auth:7.1.1] AndroidManifest.xml:72:13-58
211            android:windowSoftInputMode="adjustResize" />
211-->[com.firebaseui:firebase-ui-auth:7.1.1] AndroidManifest.xml:73:13-55
212        <activity
212-->[com.firebaseui:firebase-ui-auth:7.1.1] AndroidManifest.xml:74:9-78:58
213            android:name="com.firebase.ui.auth.ui.email.EmailLinkErrorRecoveryActivity"
213-->[com.firebaseui:firebase-ui-auth:7.1.1] AndroidManifest.xml:75:13-88
214            android:exported="false"
214-->[com.firebaseui:firebase-ui-auth:7.1.1] AndroidManifest.xml:76:13-37
215            android:label="@string/fui_sign_in_default"
215-->[com.firebaseui:firebase-ui-auth:7.1.1] AndroidManifest.xml:77:13-56
216            android:windowSoftInputMode="adjustResize" />
216-->[com.firebaseui:firebase-ui-auth:7.1.1] AndroidManifest.xml:78:13-55
217        <activity
217-->[com.firebaseui:firebase-ui-auth:7.1.1] AndroidManifest.xml:79:9-82:65
218            android:name="com.firebase.ui.auth.ui.idp.AuthMethodPickerActivity"
218-->[com.firebaseui:firebase-ui-auth:7.1.1] AndroidManifest.xml:80:13-80
219            android:exported="false"
219-->[com.firebaseui:firebase-ui-auth:7.1.1] AndroidManifest.xml:81:13-37
220            android:label="@string/fui_default_toolbar_title" />
220-->[com.firebaseui:firebase-ui-auth:7.1.1] AndroidManifest.xml:82:13-62
221        <activity
221-->[com.firebaseui:firebase-ui-auth:7.1.1] AndroidManifest.xml:83:9-87:48
222            android:name="com.facebook.FacebookActivity"
222-->[com.firebaseui:firebase-ui-auth:7.1.1] AndroidManifest.xml:84:13-57
223            android:configChanges="keyboard|keyboardHidden|screenLayout|screenSize|orientation"
223-->[com.firebaseui:firebase-ui-auth:7.1.1] AndroidManifest.xml:85:13-96
224            android:label="@string/app_name" />
224-->[com.firebaseui:firebase-ui-auth:7.1.1] AndroidManifest.xml:86:13-45
225        <activity
225-->[com.firebaseui:firebase-ui-auth:7.1.1] AndroidManifest.xml:88:9-100:20
226            android:name="com.facebook.CustomTabActivity"
226-->[com.firebaseui:firebase-ui-auth:7.1.1] AndroidManifest.xml:89:13-58
227            android:exported="true" >
227-->[com.firebaseui:firebase-ui-auth:7.1.1] AndroidManifest.xml:90:13-36
228            <intent-filter>
228-->[com.firebaseui:firebase-ui-auth:7.1.1] AndroidManifest.xml:92:13-99:29
229                <action android:name="android.intent.action.VIEW" />
229-->[com.firebaseui:firebase-ui-auth:7.1.1] AndroidManifest.xml:93:17-69
229-->[com.firebaseui:firebase-ui-auth:7.1.1] AndroidManifest.xml:93:25-66
230
231                <category android:name="android.intent.category.DEFAULT" />
231-->[com.firebaseui:firebase-ui-auth:7.1.1] AndroidManifest.xml:95:17-76
231-->[com.firebaseui:firebase-ui-auth:7.1.1] AndroidManifest.xml:95:27-73
232                <category android:name="android.intent.category.BROWSABLE" />
232-->[com.firebaseui:firebase-ui-auth:7.1.1] AndroidManifest.xml:96:17-78
232-->[com.firebaseui:firebase-ui-auth:7.1.1] AndroidManifest.xml:96:27-75
233
234                <data android:scheme="@string/facebook_login_protocol_scheme" />
234-->[com.firebaseui:firebase-ui-auth:7.1.1] AndroidManifest.xml:98:17-81
234-->[com.firebaseui:firebase-ui-auth:7.1.1] AndroidManifest.xml:98:23-78
235            </intent-filter>
236        </activity>
237
238        <provider
238-->[com.firebaseui:firebase-ui-auth:7.1.1] AndroidManifest.xml:102:9-106:38
239            android:name="com.firebase.ui.auth.data.client.AuthUiInitProvider"
239-->[com.firebaseui:firebase-ui-auth:7.1.1] AndroidManifest.xml:103:13-79
240            android:authorities="es.upv.a3c.smartlibrary.authuiinitprovider"
240-->[com.firebaseui:firebase-ui-auth:7.1.1] AndroidManifest.xml:104:13-70
241            android:exported="false"
241-->[com.firebaseui:firebase-ui-auth:7.1.1] AndroidManifest.xml:105:13-37
242            android:initOrder="90" />
242-->[com.firebaseui:firebase-ui-auth:7.1.1] AndroidManifest.xml:106:13-35
243
244        <service
244-->[com.google.firebase:firebase-storage:20.1.0] AndroidManifest.xml:29:9-35:19
245            android:name="com.google.firebase.components.ComponentDiscoveryService"
245-->[com.google.firebase:firebase-storage:20.1.0] AndroidManifest.xml:30:13-84
246            android:directBootAware="true"
246-->[com.google.firebase:firebase-common:20.2.0] AndroidManifest.xml:34:13-43
247            android:exported="false" >
247-->[com.google.firebase:firebase-storage:20.1.0] AndroidManifest.xml:31:13-37
248            <meta-data
248-->[com.google.firebase:firebase-storage:20.1.0] AndroidManifest.xml:32:13-34:85
249                android:name="com.google.firebase.components:com.google.firebase.storage.StorageRegistrar"
249-->[com.google.firebase:firebase-storage:20.1.0] AndroidManifest.xml:33:17-107
250                android:value="com.google.firebase.components.ComponentRegistrar" />
250-->[com.google.firebase:firebase-storage:20.1.0] AndroidManifest.xml:34:17-82
251            <meta-data
251-->[com.google.firebase:firebase-database:20.1.0] AndroidManifest.xml:31:13-33:85
252                android:name="com.google.firebase.components:com.google.firebase.database.DatabaseRegistrar"
252-->[com.google.firebase:firebase-database:20.1.0] AndroidManifest.xml:32:17-109
253                android:value="com.google.firebase.components.ComponentRegistrar" />
253-->[com.google.firebase:firebase-database:20.1.0] AndroidManifest.xml:33:17-82
254            <meta-data
254-->[com.google.firebase:firebase-firestore:24.4.1] AndroidManifest.xml:19:13-21:85
255                android:name="com.google.firebase.components:com.google.firebase.firestore.FirestoreRegistrar"
255-->[com.google.firebase:firebase-firestore:24.4.1] AndroidManifest.xml:20:17-111
256                android:value="com.google.firebase.components.ComponentRegistrar" />
256-->[com.google.firebase:firebase-firestore:24.4.1] AndroidManifest.xml:21:17-82
257            <meta-data
257-->[com.google.firebase:firebase-auth:21.1.0] AndroidManifest.xml:67:13-69:85
258                android:name="com.google.firebase.components:com.google.firebase.auth.FirebaseAuthRegistrar"
258-->[com.google.firebase:firebase-auth:21.1.0] AndroidManifest.xml:68:17-109
259                android:value="com.google.firebase.components.ComponentRegistrar" />
259-->[com.google.firebase:firebase-auth:21.1.0] AndroidManifest.xml:69:17-82
260        </service>
261
262        <activity
262-->[com.google.android.gms:play-services-auth:20.4.0] AndroidManifest.xml:23:9-27:75
263            android:name="com.google.android.gms.auth.api.signin.internal.SignInHubActivity"
263-->[com.google.android.gms:play-services-auth:20.4.0] AndroidManifest.xml:24:13-93
264            android:excludeFromRecents="true"
264-->[com.google.android.gms:play-services-auth:20.4.0] AndroidManifest.xml:25:13-46
265            android:exported="false"
265-->[com.google.android.gms:play-services-auth:20.4.0] AndroidManifest.xml:26:13-37
266            android:theme="@android:style/Theme.Translucent.NoTitleBar" />
266-->[com.google.android.gms:play-services-auth:20.4.0] AndroidManifest.xml:27:13-72
267        <!--
268            Service handling Google Sign-In user revocation. For apps that do not integrate with
269            Google Sign-In, this service will never be started.
270        -->
271        <service
271-->[com.google.android.gms:play-services-auth:20.4.0] AndroidManifest.xml:33:9-37:51
272            android:name="com.google.android.gms.auth.api.signin.RevocationBoundService"
272-->[com.google.android.gms:play-services-auth:20.4.0] AndroidManifest.xml:34:13-89
273            android:exported="true"
273-->[com.google.android.gms:play-services-auth:20.4.0] AndroidManifest.xml:35:13-36
274            android:permission="com.google.android.gms.auth.api.signin.permission.REVOCATION_NOTIFICATION"
274-->[com.google.android.gms:play-services-auth:20.4.0] AndroidManifest.xml:36:13-107
275            android:visibleToInstantApps="true" />
275-->[com.google.android.gms:play-services-auth:20.4.0] AndroidManifest.xml:37:13-48
276
277        <activity
277-->[com.google.firebase:firebase-auth:21.1.0] AndroidManifest.xml:27:9-44:20
278            android:name="com.google.firebase.auth.internal.GenericIdpActivity"
278-->[com.google.firebase:firebase-auth:21.1.0] AndroidManifest.xml:28:13-80
279            android:excludeFromRecents="true"
279-->[com.google.firebase:firebase-auth:21.1.0] AndroidManifest.xml:29:13-46
280            android:exported="true"
280-->[com.google.firebase:firebase-auth:21.1.0] AndroidManifest.xml:30:13-36
281            android:launchMode="singleTask"
281-->[com.google.firebase:firebase-auth:21.1.0] AndroidManifest.xml:31:13-44
282            android:theme="@android:style/Theme.Translucent.NoTitleBar" >
282-->[com.google.firebase:firebase-auth:21.1.0] AndroidManifest.xml:32:13-72
283            <intent-filter>
283-->[com.google.firebase:firebase-auth:21.1.0] AndroidManifest.xml:33:13-43:29
284                <action android:name="android.intent.action.VIEW" />